<?xml version="1.0" encoding="UTF-8"?>
<!-- Generated by org.testng.reporters.JUnitXMLReporter -->
<testsuite hostname="DESKTOP-V2CRMJS" name="Command line test" tests="7" failures="0" timestamp="23 Mar 2019 04:46:54 GMT" time="362.796" errors="0">
  <testcase name="testCostco8" time="49.935" classname="test.com.CostcoTest"/>
  <testcase name="testCostcoTest2" time="20.912" classname="test.com.CostcoTest"/>
  <testcase name="testCostcoTest3" time="15.272" classname="test.com.CostcoTest"/>
  <testcase name="testCostcoTest4" time="66.023" classname="test.com.CostcoTest"/>
  <testcase name="testCostcoTest5" time="55.377" classname="test.com.CostcoTest"/>
  <testcase name="testCostcoTest6" time="17.599" classname="test.com.CostcoTest"/>
  <testcase name="testCostcoTest9" time="110.28" classname="test.com.CostcoTest"/>
</testsuite> <!-- Command line test -->
