<?xml version="1.0" encoding="UTF-8"?>
<testng-results skipped="0" failed="0" total="7" passed="7">
  <reporter-output>
  </reporter-output>
  <suite name="test.com.CostcoTest" duration-ms="362796" started-at="2019-03-23T04:40:51Z" finished-at="2019-03-23T04:46:54Z">
    <groups>
    </groups>
    <test name="Command line test" duration-ms="362796" started-at="2019-03-23T04:40:51Z" finished-at="2019-03-23T04:46:54Z">
      <class name="test.com.CostcoTest">
        <test-method status="PASS" signature="setUpClass()[pri:0, instance:test.com.CostcoTest@2752f6e2]" name="setUpClass" is-config="true" duration-ms="8" started-at="2019-03-22T23:40:51Z" finished-at="2019-03-22T23:40:51Z">
          <reporter-output>
          </reporter-output>
        </test-method> <!-- setUpClass -->
        <test-method status="PASS" signature="setUpMethod()[pri:0, instance:test.com.CostcoTest@2752f6e2]" name="setUpMethod" is-config="true" duration-ms="4218" started-at="2019-03-22T23:40:51Z" finished-at="2019-03-22T23:40:55Z">
          <reporter-output>
          </reporter-output>
        </test-method> <!-- setUpMethod -->
        <test-method status="PASS" signature="testCostco8()[pri:0, instance:test.com.CostcoTest@2752f6e2]" name="testCostco8" duration-ms="49935" started-at="2019-03-22T23:40:55Z" finished-at="2019-03-22T23:41:45Z">
          <reporter-output>
          </reporter-output>
        </test-method> <!-- testCostco8 -->
        <test-method status="PASS" signature="tearDownMethod()[pri:0, instance:test.com.CostcoTest@2752f6e2]" name="tearDownMethod" is-config="true" duration-ms="1" started-at="2019-03-22T23:41:45Z" finished-at="2019-03-22T23:41:45Z">
          <reporter-output>
          </reporter-output>
        </test-method> <!-- tearDownMethod -->
        <test-method status="PASS" signature="setUpMethod()[pri:0, instance:test.com.CostcoTest@2752f6e2]" name="setUpMethod" is-config="true" duration-ms="4157" started-at="2019-03-22T23:41:45Z" finished-at="2019-03-22T23:41:49Z">
          <reporter-output>
          </reporter-output>
        </test-method> <!-- setUpMethod -->
        <test-method status="PASS" signature="testCostcoTest2()[pri:0, instance:test.com.CostcoTest@2752f6e2]" name="testCostcoTest2" duration-ms="20912" started-at="2019-03-22T23:41:49Z" finished-at="2019-03-22T23:42:10Z">
          <reporter-output>
          </reporter-output>
        </test-method> <!-- testCostcoTest2 -->
        <test-method status="PASS" signature="tearDownMethod()[pri:0, instance:test.com.CostcoTest@2752f6e2]" name="tearDownMethod" is-config="true" duration-ms="1" started-at="2019-03-22T23:42:10Z" finished-at="2019-03-22T23:42:10Z">
          <reporter-output>
          </reporter-output>
        </test-method> <!-- tearDownMethod -->
        <test-method status="PASS" signature="setUpMethod()[pri:0, instance:test.com.CostcoTest@2752f6e2]" name="setUpMethod" is-config="true" duration-ms="3520" started-at="2019-03-22T23:42:10Z" finished-at="2019-03-22T23:42:13Z">
          <reporter-output>
          </reporter-output>
        </test-method> <!-- setUpMethod -->
        <test-method status="PASS" signature="testCostcoTest3()[pri:0, instance:test.com.CostcoTest@2752f6e2]" name="testCostcoTest3" duration-ms="15272" started-at="2019-03-22T23:42:13Z" finished-at="2019-03-22T23:42:29Z">
          <reporter-output>
          </reporter-output>
        </test-method> <!-- testCostcoTest3 -->
        <test-method status="PASS" signature="tearDownMethod()[pri:0, instance:test.com.CostcoTest@2752f6e2]" name="tearDownMethod" is-config="true" duration-ms="1" started-at="2019-03-22T23:42:29Z" finished-at="2019-03-22T23:42:29Z">
          <reporter-output>
          </reporter-output>
        </test-method> <!-- tearDownMethod -->
        <test-method status="PASS" signature="setUpMethod()[pri:0, instance:test.com.CostcoTest@2752f6e2]" name="setUpMethod" is-config="true" duration-ms="4194" started-at="2019-03-22T23:42:29Z" finished-at="2019-03-22T23:42:33Z">
          <reporter-output>
          </reporter-output>
        </test-method> <!-- setUpMethod -->
        <test-method status="PASS" signature="testCostcoTest4()[pri:0, instance:test.com.CostcoTest@2752f6e2]" name="testCostcoTest4" duration-ms="66023" started-at="2019-03-22T23:42:33Z" finished-at="2019-03-22T23:43:39Z">
          <reporter-output>
          </reporter-output>
        </test-method> <!-- testCostcoTest4 -->
        <test-method status="PASS" signature="tearDownMethod()[pri:0, instance:test.com.CostcoTest@2752f6e2]" name="tearDownMethod" is-config="true" duration-ms="1" started-at="2019-03-22T23:43:39Z" finished-at="2019-03-22T23:43:39Z">
          <reporter-output>
          </reporter-output>
        </test-method> <!-- tearDownMethod -->
        <test-method status="PASS" signature="setUpMethod()[pri:0, instance:test.com.CostcoTest@2752f6e2]" name="setUpMethod" is-config="true" duration-ms="3683" started-at="2019-03-22T23:43:39Z" finished-at="2019-03-22T23:43:43Z">
          <reporter-output>
          </reporter-output>
        </test-method> <!-- setUpMethod -->
        <test-method status="PASS" signature="testCostcoTest5()[pri:0, instance:test.com.CostcoTest@2752f6e2]" name="testCostcoTest5" duration-ms="55377" started-at="2019-03-22T23:43:43Z" finished-at="2019-03-22T23:44:38Z">
          <reporter-output>
          </reporter-output>
        </test-method> <!-- testCostcoTest5 -->
        <test-method status="PASS" signature="tearDownMethod()[pri:0, instance:test.com.CostcoTest@2752f6e2]" name="tearDownMethod" is-config="true" duration-ms="1" started-at="2019-03-22T23:44:38Z" finished-at="2019-03-22T23:44:38Z">
          <reporter-output>
          </reporter-output>
        </test-method> <!-- tearDownMethod -->
        <test-method status="PASS" signature="setUpMethod()[pri:0, instance:test.com.CostcoTest@2752f6e2]" name="setUpMethod" is-config="true" duration-ms="3513" started-at="2019-03-22T23:44:38Z" finished-at="2019-03-22T23:44:42Z">
          <reporter-output>
          </reporter-output>
        </test-method> <!-- setUpMethod -->
        <test-method status="PASS" signature="testCostcoTest6()[pri:0, instance:test.com.CostcoTest@2752f6e2]" name="testCostcoTest6" duration-ms="17599" started-at="2019-03-22T23:44:42Z" finished-at="2019-03-22T23:44:59Z">
          <reporter-output>
          </reporter-output>
        </test-method> <!-- testCostcoTest6 -->
        <test-method status="PASS" signature="tearDownMethod()[pri:0, instance:test.com.CostcoTest@2752f6e2]" name="tearDownMethod" is-config="true" duration-ms="1" started-at="2019-03-22T23:44:59Z" finished-at="2019-03-22T23:44:59Z">
          <reporter-output>
          </reporter-output>
        </test-method> <!-- tearDownMethod -->
        <test-method status="PASS" signature="setUpMethod()[pri:0, instance:test.com.CostcoTest@2752f6e2]" name="setUpMethod" is-config="true" duration-ms="4084" started-at="2019-03-22T23:44:59Z" finished-at="2019-03-22T23:45:03Z">
          <reporter-output>
          </reporter-output>
        </test-method> <!-- setUpMethod -->
        <test-method status="PASS" signature="testCostcoTest9()[pri:0, instance:test.com.CostcoTest@2752f6e2]" name="testCostcoTest9" duration-ms="110280" started-at="2019-03-22T23:45:03Z" finished-at="2019-03-22T23:46:54Z">
          <reporter-output>
          </reporter-output>
        </test-method> <!-- testCostcoTest9 -->
        <test-method status="PASS" signature="tearDownClass()[pri:0, instance:test.com.CostcoTest@2752f6e2]" name="tearDownClass" is-config="true" duration-ms="1" started-at="2019-03-22T23:46:54Z" finished-at="2019-03-22T23:46:54Z">
          <reporter-output>
          </reporter-output>
        </test-method> <!-- tearDownClass -->
        <test-method status="PASS" signature="tearDownMethod()[pri:0, instance:test.com.CostcoTest@2752f6e2]" name="tearDownMethod" is-config="true" duration-ms="0" started-at="2019-03-22T23:46:54Z" finished-at="2019-03-22T23:46:54Z">
          <reporter-output>
          </reporter-output>
        </test-method> <!-- tearDownMethod -->
      </class> <!-- test.com.CostcoTest -->
    </test> <!-- Command line test -->
  </suite> <!-- test.com.CostcoTest -->
</testng-results>
